<?xml version="1.0" encoding="UTF-8"?>
<!-- Generated by org.testng.reporters.JUnitReportReporter -->
<testsuite name="testcases.tc_001" tests="1" time="3.614" ignored="0" failures="0" timestamp="27 Sep 2017 10:30:24 GMT" skipped="0" hostname="Ganesan-MacBook-Pro.local" errors="0">
  <testcase name="testcase" time="3.614" classname="testcases.tc_001"/>
</testsuite> <!-- testcases.tc_001 -->
